TN:
SF:02-ratelimitter.js
FN:20,CountRequests
FNF:1
FNH:1
FNDA:13,CountRequests
DA:1,1
DA:2,1
DA:3,1
DA:4,1
DA:5,1
DA:6,1
DA:7,1
DA:8,1
DA:9,1
DA:10,1
DA:11,1
DA:12,1
DA:13,1
DA:14,1
DA:15,1
DA:16,1
DA:17,2
DA:18,1
DA:19,1
DA:20,13
DA:21,13
DA:22,13
DA:23,13
DA:24,13
DA:25,2
DA:26,2
DA:27,13
DA:28,13
DA:29,13
DA:30,13
DA:31,13
DA:32,8
DA:33,8
DA:34,8
DA:35,8
DA:36,13
DA:37,13
DA:38,1
DA:39,1
DA:40,1
DA:41,13
DA:42,1
DA:43,1
DA:44,1
DA:45,0
DA:46,1
DA:47,1
DA:48,1
DA:49,1
LF:49
LH:48
BRDA:16,0,0,2
BRDA:20,1,0,13
BRDA:24,2,0,2
BRDA:31,3,0,8
BRDA:40,4,0,13
BRF:5
BRH:5
end_of_record
